<?xml version="1.0" encoding="UTF-8"?>
<testsuite xmlns:xsi="http://www.w3.org/2001/XMLSchema-instance" xsi:noNamespaceSchemaLocation="https://maven.apache.org/surefire/maven-surefire-plugin/xsd/surefire-test-report-3.0.xsd" version="3.0" name="algorithms.KadaneTest" time="0.237" tests="5" errors="0" skipped="0" failures="0">
  <properties>
[...]
</properties>
  <testcase name="testSingleElement" classname="algorithms.KadaneTest" time="0.1"/>
  <testcase name="testEmptyArray" classname="algorithms.KadaneTest" time="0.004"/>
  <testcase name="testMixedArray" classname="algorithms.KadaneTest" time="0.004"/>
  <testcase name="testAllPositive" classname="algorithms.KadaneTest" time="0.003"/>
  <testcase name="testAllNegative" classname="algorithms.KadaneTest" time="0.003"/>
</testsuite>